<?xml version="1.0" encoding="UTF-8"?>
<robot generator="Robot 3.1.2 (Python 3.8.1 on win32)" generated="20200305 19:59:56.735" rpa="false">
<suite id="s1" name="Test" source="C:\Users\m1rage\PycharmProjects\demo\main\test.robot">
<test id="s1-t1" name="dupa">
<kw name="Get All Values" library="customLib">
<arguments>
<arg>file.xlsm</arg>
</arguments>
<assign>
<var>@{array}</var>
</assign>
<msg timestamp="20200305 19:59:57.161" level="INFO">@{array} = [ value1 | value2 | value3 | value4 | value5 | value6 | value7 | value8 | value9 | value10 | value11 | value12 | value13 | value14 | value15 ]</msg>
<status status="PASS" starttime="20200305 19:59:57.152" endtime="20200305 19:59:57.161"></status>
</kw>
<kw name="${obj} IN [ @{array} ]" type="for">
<kw name="${obj} = value1" type="foritem">
<kw name="Log" library="BuiltIn">
<doc>Logs the given message with the given level.</doc>
<arguments>
<arg>${obj}</arg>
</arguments>
<msg timestamp="20200305 19:59:57.162" level="INFO">value1</msg>
<status status="PASS" starttime="20200305 19:59:57.162" endtime="20200305 19:59:57.162"></status>
</kw>
<status status="PASS" starttime="20200305 19:59:57.162" endtime="20200305 19:59:57.162"></status>
</kw>
<kw name="${obj} = value2" type="foritem">
<kw name="Log" library="BuiltIn">
<doc>Logs the given message with the given level.</doc>
<arguments>
<arg>${obj}</arg>
</arguments>
<msg timestamp="20200305 19:59:57.162" level="INFO">value2</msg>
<status status="PASS" starttime="20200305 19:59:57.162" endtime="20200305 19:59:57.162"></status>
</kw>
<status status="PASS" starttime="20200305 19:59:57.162" endtime="20200305 19:59:57.162"></status>
</kw>
<kw name="${obj} = value3" type="foritem">
<kw name="Log" library="BuiltIn">
<doc>Logs the given message with the given level.</doc>
<arguments>
<arg>${obj}</arg>
</arguments>
<msg timestamp="20200305 19:59:57.163" level="INFO">value3</msg>
<status status="PASS" starttime="20200305 19:59:57.163" endtime="20200305 19:59:57.163"></status>
</kw>
<status status="PASS" starttime="20200305 19:59:57.162" endtime="20200305 19:59:57.163"></status>
</kw>
<kw name="${obj} = value4" type="foritem">
<kw name="Log" library="BuiltIn">
<doc>Logs the given message with the given level.</doc>
<arguments>
<arg>${obj}</arg>
</arguments>
<msg timestamp="20200305 19:59:57.163" level="INFO">value4</msg>
<status status="PASS" starttime="20200305 19:59:57.163" endtime="20200305 19:59:57.163"></status>
</kw>
<status status="PASS" starttime="20200305 19:59:57.163" endtime="20200305 19:59:57.163"></status>
</kw>
<kw name="${obj} = value5" type="foritem">
<kw name="Log" library="BuiltIn">
<doc>Logs the given message with the given level.</doc>
<arguments>
<arg>${obj}</arg>
</arguments>
<msg timestamp="20200305 19:59:57.163" level="INFO">value5</msg>
<status status="PASS" starttime="20200305 19:59:57.163" endtime="20200305 19:59:57.164"></status>
</kw>
<status status="PASS" starttime="20200305 19:59:57.163" endtime="20200305 19:59:57.164"></status>
</kw>
<kw name="${obj} = value6" type="foritem">
<kw name="Log" library="BuiltIn">
<doc>Logs the given message with the given level.</doc>
<arguments>
<arg>${obj}</arg>
</arguments>
<msg timestamp="20200305 19:59:57.164" level="INFO">value6</msg>
<status status="PASS" starttime="20200305 19:59:57.164" endtime="20200305 19:59:57.164"></status>
</kw>
<status status="PASS" starttime="20200305 19:59:57.164" endtime="20200305 19:59:57.164"></status>
</kw>
<kw name="${obj} = value7" type="foritem">
<kw name="Log" library="BuiltIn">
<doc>Logs the given message with the given level.</doc>
<arguments>
<arg>${obj}</arg>
</arguments>
<msg timestamp="20200305 19:59:57.164" level="INFO">value7</msg>
<status status="PASS" starttime="20200305 19:59:57.164" endtime="20200305 19:59:57.164"></status>
</kw>
<status status="PASS" starttime="20200305 19:59:57.164" endtime="20200305 19:59:57.164"></status>
</kw>
<kw name="${obj} = value8" type="foritem">
<kw name="Log" library="BuiltIn">
<doc>Logs the given message with the given level.</doc>
<arguments>
<arg>${obj}</arg>
</arguments>
<msg timestamp="20200305 19:59:57.165" level="INFO">value8</msg>
<status status="PASS" starttime="20200305 19:59:57.164" endtime="20200305 19:59:57.165"></status>
</kw>
<status status="PASS" starttime="20200305 19:59:57.164" endtime="20200305 19:59:57.165"></status>
</kw>
<kw name="${obj} = value9" type="foritem">
<kw name="Log" library="BuiltIn">
<doc>Logs the given message with the given level.</doc>
<arguments>
<arg>${obj}</arg>
</arguments>
<msg timestamp="20200305 19:59:57.165" level="INFO">value9</msg>
<status status="PASS" starttime="20200305 19:59:57.165" endtime="20200305 19:59:57.165"></status>
</kw>
<status status="PASS" starttime="20200305 19:59:57.165" endtime="20200305 19:59:57.165"></status>
</kw>
<kw name="${obj} = value10" type="foritem">
<kw name="Log" library="BuiltIn">
<doc>Logs the given message with the given level.</doc>
<arguments>
<arg>${obj}</arg>
</arguments>
<msg timestamp="20200305 19:59:57.165" level="INFO">value10</msg>
<status status="PASS" starttime="20200305 19:59:57.165" endtime="20200305 19:59:57.165"></status>
</kw>
<status status="PASS" starttime="20200305 19:59:57.165" endtime="20200305 19:59:57.165"></status>
</kw>
<kw name="${obj} = value11" type="foritem">
<kw name="Log" library="BuiltIn">
<doc>Logs the given message with the given level.</doc>
<arguments>
<arg>${obj}</arg>
</arguments>
<msg timestamp="20200305 19:59:57.166" level="INFO">value11</msg>
<status status="PASS" starttime="20200305 19:59:57.166" endtime="20200305 19:59:57.166"></status>
</kw>
<status status="PASS" starttime="20200305 19:59:57.165" endtime="20200305 19:59:57.166"></status>
</kw>
<kw name="${obj} = value12" type="foritem">
<kw name="Log" library="BuiltIn">
<doc>Logs the given message with the given level.</doc>
<arguments>
<arg>${obj}</arg>
</arguments>
<msg timestamp="20200305 19:59:57.166" level="INFO">value12</msg>
<status status="PASS" starttime="20200305 19:59:57.166" endtime="20200305 19:59:57.166"></status>
</kw>
<status status="PASS" starttime="20200305 19:59:57.166" endtime="20200305 19:59:57.166"></status>
</kw>
<kw name="${obj} = value13" type="foritem">
<kw name="Log" library="BuiltIn">
<doc>Logs the given message with the given level.</doc>
<arguments>
<arg>${obj}</arg>
</arguments>
<msg timestamp="20200305 19:59:57.167" level="INFO">value13</msg>
<status status="PASS" starttime="20200305 19:59:57.166" endtime="20200305 19:59:57.167"></status>
</kw>
<status status="PASS" starttime="20200305 19:59:57.166" endtime="20200305 19:59:57.167"></status>
</kw>
<kw name="${obj} = value14" type="foritem">
<kw name="Log" library="BuiltIn">
<doc>Logs the given message with the given level.</doc>
<arguments>
<arg>${obj}</arg>
</arguments>
<msg timestamp="20200305 19:59:57.167" level="INFO">value14</msg>
<status status="PASS" starttime="20200305 19:59:57.167" endtime="20200305 19:59:57.167"></status>
</kw>
<status status="PASS" starttime="20200305 19:59:57.167" endtime="20200305 19:59:57.167"></status>
</kw>
<kw name="${obj} = value15" type="foritem">
<kw name="Log" library="BuiltIn">
<doc>Logs the given message with the given level.</doc>
<arguments>
<arg>${obj}</arg>
</arguments>
<msg timestamp="20200305 19:59:57.168" level="INFO">value15</msg>
<status status="PASS" starttime="20200305 19:59:57.167" endtime="20200305 19:59:57.168"></status>
</kw>
<status status="PASS" starttime="20200305 19:59:57.167" endtime="20200305 19:59:57.168"></status>
</kw>
<status status="PASS" starttime="20200305 19:59:57.161" endtime="20200305 19:59:57.169"></status>
</kw>
<status status="PASS" starttime="20200305 19:59:57.152" endtime="20200305 19:59:57.169" critical="yes"></status>
</test>
<status status="PASS" starttime="20200305 19:59:56.737" endtime="20200305 19:59:57.170"></status>
</suite>
<statistics>
<total>
<stat pass="1" fail="0">Critical Tests</stat>
<stat pass="1" fail="0">All Tests</stat>
</total>
<tag>
</tag>
<suite>
<stat pass="1" fail="0" id="s1" name="Test">Test</stat>
</suite>
</statistics>
<errors>
<msg timestamp="20200305 19:59:56.731" level="WARN">Error in file 'C:\Users\m1rage\PycharmProjects\demo\main\test.robot': Invalid syntax in test case 'dupa': Using 'in' as a FOR loop separator is deprecated. Use 'IN' instead.</msg>
</errors>
</robot>
